<?xml version="1.0" encoding="UTF-8"?>
<!-- Generated by org.testng.reporters.JUnitReportReporter -->
<testsuite skipped="3" hostname="udkihema" name="testNG.TestNG" tests="8" failures="0" timestamp="2022-07-18T19:32:18 IST" time="18.497" errors="0">
  <testcase name="colse" time="2.465" classname="testNG.TestNG"/>
  <system-out/>
  <testcase name="enter" time="7.261" classname="testNG.TestNG"/>
  <system-out/>
  <testcase name="windowswitching" time="0.022" classname="testNG.TestNG"/>
  <system-out/>
  <testcase name="method7" time="3.550" classname="testNG.TestNG"/>
  <system-out/>
  <testcase name="method8" time="5.199" classname="testNG.TestNG"/>
  <system-out/>
  <testcase name="method4" classname="testNG.TestNG">
    <skipped/>
  </testcase> <!-- method4 -->
  <system-out/>
  <testcase name="method5" classname="testNG.TestNG">
    <skipped/>
  </testcase> <!-- method5 -->
  <system-out/>
  <testcase name="method6" classname="testNG.TestNG">
    <skipped/>
  </testcase> <!-- method6 -->
  <system-out/>
</testsuite> <!-- testNG.TestNG -->
